INFO:     Will watch for changes in these directories: ['/home/ubuntu/jenkins-log-chatbot/backend']
INFO:     Uvicorn running on http://0.0.0.0:8000 (Press CTRL+C to quit)
INFO:     Started reloader process [3167] using StatReload
INFO:     Started server process [3169]
INFO:     Waiting for application startup.
INFO:     Application startup complete.
INFO:root:Fetching history of all builds.
INFO:root:Reading data from ./data/logs_data.json
INFO:root:Retrieving history for unique_key: 1dbf59287172
INFO:root:Reading data from ./data/logs_data.json
INFO:root:History retrieved successfully for unique_key: 1dbf59287172
INFO:root:Fetching history of all builds.
INFO:root:Reading data from ./data/logs_data.json
INFO:root:Fetching history of all builds.
INFO:root:Reading data from ./data/logs_data.json
INFO:root:Fetching history of all builds.
INFO:root:Reading data from ./data/logs_data.json
INFO:root:Retrieving history for unique_key: 1dbf59287172
INFO:root:Reading data from ./data/logs_data.json
INFO:root:History retrieved successfully for unique_key: 1dbf59287172
INFO:root:Fetching history of all builds.
INFO:root:Reading data from ./data/logs_data.json
INFO:root:Fetching history of all builds.
INFO:root:Reading data from ./data/logs_data.json
INFO:root:Retrieving history for unique_key: 1dbf59287172
INFO:root:Reading data from ./data/logs_data.json
INFO:root:History retrieved successfully for unique_key: 1dbf59287172
INFO:root:Fetching history of all builds.
INFO:root:Reading data from ./data/logs_data.json
INFO:root:Fetching history of all builds.
INFO:root:Reading data from ./data/logs_data.json
INFO:root:Fetching history of all builds.
INFO:root:Reading data from ./data/logs_data.json
INFO:root:Fetching history of all builds.
INFO:root:Reading data from ./data/logs_data.json
INFO:root:Fetching history of all builds.
INFO:root:Reading data from ./data/logs_data.json
INFO:root:Retrieving history for unique_key: 1dbf59287172
INFO:root:Reading data from ./data/logs_data.json
INFO:root:History retrieved successfully for unique_key: 1dbf59287172
INFO:root:Fetching history of all builds.
INFO:root:Reading data from ./data/logs_data.json
INFO:root:Fetching history of all builds.
INFO:root:Reading data from ./data/logs_data.json
INFO:root:Retrieving history for unique_key: 1dbf59287172
INFO:root:Reading data from ./data/logs_data.json
INFO:root:History retrieved successfully for unique_key: 1dbf59287172
INFO:root:Fetching history of all builds.
INFO:root:Reading data from ./data/logs_data.json
INFO:root:Fetching history of all builds.
INFO:root:Reading data from ./data/logs_data.json
INFO:root:Retrieving history for unique_key: 1dbf59287172
INFO:root:Reading data from ./data/logs_data.json
INFO:root:History retrieved successfully for unique_key: 1dbf59287172
INFO:root:Fetching history of all builds.
INFO:root:Reading data from ./data/logs_data.json
INFO:root:Fetching history of all builds.
INFO:root:Reading data from ./data/logs_data.json
INFO:root:Retrieving history for unique_key: 1dbf59287172
INFO:root:Reading data from ./data/logs_data.json
INFO:root:History retrieved successfully for unique_key: 1dbf59287172
INFO:root:Fetching history of all builds.
INFO:root:Reading data from ./data/logs_data.json
INFO:root:Fetching history of all builds.
INFO:root:Reading data from ./data/logs_data.json
INFO:root:Retrieving history for unique_key: fdd105a680c4
INFO:root:Reading data from ./data/logs_data.json
INFO:root:History retrieved successfully for unique_key: fdd105a680c4
INFO:root:Fetching history of all builds.
INFO:root:Reading data from ./data/logs_data.json
INFO:root:Fetching history of all builds.
INFO:root:Reading data from ./data/logs_data.json
INFO:root:Retrieving history for unique_key: fdd105a680c4
INFO:root:Reading data from ./data/logs_data.json
INFO:root:History retrieved successfully for unique_key: fdd105a680c4
INFO:root:Fetching history of all builds.
INFO:root:Reading data from ./data/logs_data.json
INFO:root:Root endpoint accessed.
WARNING:  Invalid HTTP request received.
WARNING:  Invalid HTTP request received.
INFO:root:Root endpoint accessed.
INFO:root:Fetching history of all builds.
INFO:root:Reading data from ./data/logs_data.json
INFO:root:Fetching history of all builds.
INFO:root:Reading data from ./data/logs_data.json
INFO:root:Fetching history of all builds.
INFO:root:Reading data from ./data/logs_data.json
INFO:root:Fetching history of all builds.
INFO:root:Reading data from ./data/logs_data.json
INFO:root:Fetching history of all builds.
INFO:root:Reading data from ./data/logs_data.json
INFO:root:Retrieving history for unique_key: 1dbf59287172
INFO:root:Reading data from ./data/logs_data.json
INFO:root:History retrieved successfully for unique_key: 1dbf59287172
INFO:root:Fetching history of all builds.
INFO:root:Reading data from ./data/logs_data.json
INFO:root:Root endpoint accessed.
INFO:root:Root endpoint accessed.
INFO:root:Root endpoint accessed.
WARNING:  Invalid HTTP request received.
WARNING:  Invalid HTTP request received.
INFO:root:Root endpoint accessed.
INFO:root:Root endpoint accessed.
INFO:root:Root endpoint accessed.
INFO:root:Root endpoint accessed.
WARNING:  Invalid HTTP request received.
INFO:root:Root endpoint accessed.
INFO:root:Root endpoint accessed.
